2026-06-10 22:10:51 - root - INFO - Logging initialized. Log files stored in: C:\Users\salik\Documents\PROJECTS\Prayer_App\logs
2026-06-10 22:12:40 - root - INFO - Logging initialized. Log files stored in: C:\Users\salik\Documents\PROJECTS\Prayer_App\logs
2026-06-10 22:30:43 - root - INFO - Logging initialized. Log files stored in: C:\Users\salik\Documents\PROJECTS\Prayer_App\logs
2026-06-10 22:30:43 - root - INFO - Logging initialized. Log files stored in: C:\Users\salik\Documents\PROJECTS\Prayer_App\logs
2026-06-10 22:30:44 - src.gui.main_window - INFO - No prayer times found for Chicago, USA on 2026-06-11. Fetching data...
2026-06-10 22:30:44 - src.core.api - ERROR - Unexpected error ensuring future data: name 'API_METHOD' is not defined
Traceback (most recent call last):
  File "C:\Users\salik\Documents\PROJECTS\Prayer_App\src\core\api.py", line 280, in ensure_future_data
    success = fetch_prayer_times_range(range_start, range_end, city, country)
              ^^^^^^^^^^^^^^^^^^^^^^^^^^^^^^^^^^^^^^^^^^^^^^^^^^^^^^^^^^^^^^^
  File "C:\Users\salik\Documents\PROJECTS\Prayer_App\src\core\api.py", line 184, in fetch_prayer_times_range
    "method": API_METHOD,
              ^^^^^^^^^^
NameError: name 'API_METHOD' is not defined
2026-06-10 22:30:46 - src.core.calculations - INFO - No data found for Chicago, USA on 2026-06-10. Attempting to fetch...
2026-06-10 22:30:46 - src.core.api - ERROR - Unexpected error ensuring future data: name 'API_METHOD' is not defined
Traceback (most recent call last):
  File "C:\Users\salik\Documents\PROJECTS\Prayer_App\src\core\api.py", line 280, in ensure_future_data
    success = fetch_prayer_times_range(range_start, range_end, city, country)
              ^^^^^^^^^^^^^^^^^^^^^^^^^^^^^^^^^^^^^^^^^^^^^^^^^^^^^^^^^^^^^^^
  File "C:\Users\salik\Documents\PROJECTS\Prayer_App\src\core\api.py", line 184, in fetch_prayer_times_range
    "method": API_METHOD,
              ^^^^^^^^^^
NameError: name 'API_METHOD' is not defined
2026-06-10 22:30:46 - src.core.calculations - WARNING - Data not found after prefetch for Chicago. Attempting direct API call...
2026-06-10 22:30:46 - src.core.api - INFO - Successfully fetched prayer times for Chicago, USA on 2026-06-10
2026-06-10 22:30:46 - src.core.calculations - INFO - No data found for Chicago, USA on 2026-06-11. Attempting to fetch...
2026-06-10 22:30:46 - src.core.api - ERROR - Unexpected error ensuring future data: name 'API_METHOD' is not defined
Traceback (most recent call last):
  File "C:\Users\salik\Documents\PROJECTS\Prayer_App\src\core\api.py", line 280, in ensure_future_data
    success = fetch_prayer_times_range(range_start, range_end, city, country)
              ^^^^^^^^^^^^^^^^^^^^^^^^^^^^^^^^^^^^^^^^^^^^^^^^^^^^^^^^^^^^^^^
  File "C:\Users\salik\Documents\PROJECTS\Prayer_App\src\core\api.py", line 184, in fetch_prayer_times_range
    "method": API_METHOD,
              ^^^^^^^^^^
NameError: name 'API_METHOD' is not defined
2026-06-10 22:30:46 - src.core.calculations - WARNING - Data not found after prefetch for Chicago. Attempting direct API call...
2026-06-10 22:30:46 - src.core.api - INFO - Successfully fetched prayer times for Chicago, USA on 2026-06-11
2026-06-10 22:30:46 - src.core.calculations - INFO - No data found for Chicago, USA on 2026-06-11. Attempting to fetch...
2026-06-10 22:30:46 - src.core.api - ERROR - Unexpected error ensuring future data: name 'API_METHOD' is not defined
Traceback (most recent call last):
  File "C:\Users\salik\Documents\PROJECTS\Prayer_App\src\core\api.py", line 280, in ensure_future_data
    success = fetch_prayer_times_range(range_start, range_end, city, country)
              ^^^^^^^^^^^^^^^^^^^^^^^^^^^^^^^^^^^^^^^^^^^^^^^^^^^^^^^^^^^^^^^
  File "C:\Users\salik\Documents\PROJECTS\Prayer_App\src\core\api.py", line 184, in fetch_prayer_times_range
    "method": API_METHOD,
              ^^^^^^^^^^
NameError: name 'API_METHOD' is not defined
2026-06-10 22:30:46 - src.core.calculations - WARNING - Data not found after prefetch for Chicago. Attempting direct API call...
2026-06-10 22:30:46 - src.core.api - INFO - Successfully fetched prayer times for Chicago, USA on 2026-06-11
2026-06-10 22:31:00 - src.gui.main_window - INFO - API Settings updated: Method=2, School=1
2026-06-10 22:31:00 - src.core.calculations - INFO - No data found for Chicago, USA on 2026-06-11. Attempting to fetch...
2026-06-10 22:31:00 - src.core.api - ERROR - Unexpected error ensuring future data: name 'API_METHOD' is not defined
Traceback (most recent call last):
  File "C:\Users\salik\Documents\PROJECTS\Prayer_App\src\core\api.py", line 280, in ensure_future_data
    success = fetch_prayer_times_range(range_start, range_end, city, country)
              ^^^^^^^^^^^^^^^^^^^^^^^^^^^^^^^^^^^^^^^^^^^^^^^^^^^^^^^^^^^^^^^
  File "C:\Users\salik\Documents\PROJECTS\Prayer_App\src\core\api.py", line 184, in fetch_prayer_times_range
    "method": API_METHOD,
              ^^^^^^^^^^
NameError: name 'API_METHOD' is not defined
2026-06-10 22:31:00 - src.core.calculations - WARNING - Data not found after prefetch for Chicago. Attempting direct API call...
2026-06-10 22:31:00 - src.core.api - INFO - Successfully fetched prayer times for Chicago, USA on 2026-06-11
2026-06-10 22:32:00 - root - INFO - Logging initialized. Log files stored in: C:\Users\salik\Documents\PROJECTS\Prayer_App\logs
2026-06-10 22:32:00 - root - INFO - Logging initialized. Log files stored in: C:\Users\salik\Documents\PROJECTS\Prayer_App\logs
2026-06-10 22:32:00 - src.gui.main_window - INFO - No prayer times found for Chicago, USA on 2026-06-11. Fetching data...
2026-06-10 22:32:01 - src.core.api - INFO - Successfully stored prayer times for Chicago between 2026-06-11 and 2026-07-09
2026-06-10 22:38:53 - root - INFO - Logging initialized. Log files stored in: C:\Users\salik\Documents\PROJECTS\Prayer_App\logs
2026-06-10 22:40:52 - root - INFO - Logging initialized. Log files stored in: C:\Users\salik\Documents\PROJECTS\Prayer_App\logs
2026-06-10 22:43:13 - root - INFO - Logging initialized. Log files stored in: C:\Users\salik\Documents\PROJECTS\Prayer_App\logs
